mode: atomic
github.com/zscaler/zscaler-sdk-go/zia/client.go:16.100,19.23 3 1
github.com/zscaler/zscaler-sdk-go/zia/client.go:23.2,26.16 4 1
github.com/zscaler/zscaler-sdk-go/zia/client.go:29.2,30.16 2 1
github.com/zscaler/zscaler-sdk-go/zia/client.go:33.2,35.23 3 1
github.com/zscaler/zscaler-sdk-go/zia/client.go:38.2,39.16 2 1
github.com/zscaler/zscaler-sdk-go/zia/client.go:42.2,43.28 2 1
github.com/zscaler/zscaler-sdk-go/zia/client.go:46.2,49.16 3 1
github.com/zscaler/zscaler-sdk-go/zia/client.go:53.2,53.18 1 1
github.com/zscaler/zscaler-sdk-go/zia/client.go:19.23,21.3 1 0
github.com/zscaler/zscaler-sdk-go/zia/client.go:26.16,28.3 1 0
github.com/zscaler/zscaler-sdk-go/zia/client.go:30.16,32.3 1 0
github.com/zscaler/zscaler-sdk-go/zia/client.go:35.23,37.3 1 0
github.com/zscaler/zscaler-sdk-go/zia/client.go:39.16,41.3 1 0
github.com/zscaler/zscaler-sdk-go/zia/client.go:43.28,45.3 1 0
github.com/zscaler/zscaler-sdk-go/zia/client.go:49.16,51.3 1 0
github.com/zscaler/zscaler-sdk-go/zia/client.go:57.78,58.14 1 0
github.com/zscaler/zscaler-sdk-go/zia/client.go:61.2,62.32 2 0
github.com/zscaler/zscaler-sdk-go/zia/client.go:65.2,66.16 2 0
github.com/zscaler/zscaler-sdk-go/zia/client.go:70.2,71.16 2 0
github.com/zscaler/zscaler-sdk-go/zia/client.go:75.2,77.16 3 0
github.com/zscaler/zscaler-sdk-go/zia/client.go:80.2,83.28 3 0
github.com/zscaler/zscaler-sdk-go/zia/client.go:58.14,60.3 1 0
github.com/zscaler/zscaler-sdk-go/zia/client.go:62.32,64.3 1 0
github.com/zscaler/zscaler-sdk-go/zia/client.go:66.16,68.3 1 0
github.com/zscaler/zscaler-sdk-go/zia/client.go:71.16,73.3 1 0
github.com/zscaler/zscaler-sdk-go/zia/client.go:77.16,79.3 1 0
github.com/zscaler/zscaler-sdk-go/zia/client.go:87.61,90.16 3 0
github.com/zscaler/zscaler-sdk-go/zia/client.go:94.2,95.16 2 0
github.com/zscaler/zscaler-sdk-go/zia/client.go:99.2,99.12 1 0
github.com/zscaler/zscaler-sdk-go/zia/client.go:90.16,92.3 1 0
github.com/zscaler/zscaler-sdk-go/zia/client.go:95.16,97.3 1 0
github.com/zscaler/zscaler-sdk-go/zia/client.go:103.85,105.2 1 0
github.com/zscaler/zscaler-sdk-go/zia/client.go:108.78,110.2 1 0
github.com/zscaler/zscaler-sdk-go/zia/client.go:113.113,114.14 1 0
github.com/zscaler/zscaler-sdk-go/zia/client.go:117.2,118.32 2 0
github.com/zscaler/zscaler-sdk-go/zia/client.go:121.2,122.16 2 0
github.com/zscaler/zscaler-sdk-go/zia/client.go:126.2,127.16 2 0
github.com/zscaler/zscaler-sdk-go/zia/client.go:131.2,133.28 3 0
github.com/zscaler/zscaler-sdk-go/zia/client.go:114.14,116.3 1 0
github.com/zscaler/zscaler-sdk-go/zia/client.go:118.32,120.3 1 0
github.com/zscaler/zscaler-sdk-go/zia/client.go:122.16,124.3 1 0
github.com/zscaler/zscaler-sdk-go/zia/client.go:127.16,129.3 1 0
github.com/zscaler/zscaler-sdk-go/zia/client.go:137.48,139.16 2 0
github.com/zscaler/zscaler-sdk-go/zia/client.go:142.2,142.12 1 0
github.com/zscaler/zscaler-sdk-go/zia/client.go:139.16,141.3 1 0
github.com/zscaler/zscaler-sdk-go/zia/config.go:73.64,75.44 1 1
github.com/zscaler/zscaler-sdk-go/zia/config.go:79.2,86.33 6 1
github.com/zscaler/zscaler-sdk-go/zia/config.go:90.2,90.32 1 1
github.com/zscaler/zscaler-sdk-go/zia/config.go:95.2,95.17 1 1
github.com/zscaler/zscaler-sdk-go/zia/config.go:75.44,77.3 1 0
github.com/zscaler/zscaler-sdk-go/zia/config.go:86.33,89.3 2 6
github.com/zscaler/zscaler-sdk-go/zia/config.go:90.32,93.3 2 6
github.com/zscaler/zscaler-sdk-go/zia/config.go:99.89,113.2 5 2
github.com/zscaler/zscaler-sdk-go/zia/config.go:116.120,117.24 1 1
github.com/zscaler/zscaler-sdk-go/zia/config.go:121.2,122.16 2 1
github.com/zscaler/zscaler-sdk-go/zia/config.go:125.2,126.16 2 1
github.com/zscaler/zscaler-sdk-go/zia/config.go:129.2,130.21 2 1
github.com/zscaler/zscaler-sdk-go/zia/config.go:133.2,134.16 2 1
github.com/zscaler/zscaler-sdk-go/zia/config.go:137.2,137.38 1 1
github.com/zscaler/zscaler-sdk-go/zia/config.go:141.2,143.16 3 1
github.com/zscaler/zscaler-sdk-go/zia/config.go:146.2,148.16 3 1
github.com/zscaler/zscaler-sdk-go/zia/config.go:152.2,153.16 2 1
github.com/zscaler/zscaler-sdk-go/zia/config.go:156.2,156.22 1 1
github.com/zscaler/zscaler-sdk-go/zia/config.go:117.24,119.3 1 0
github.com/zscaler/zscaler-sdk-go/zia/config.go:122.16,124.3 1 0
github.com/zscaler/zscaler-sdk-go/zia/config.go:126.16,128.3 1 0
github.com/zscaler/zscaler-sdk-go/zia/config.go:130.21,132.3 1 0
github.com/zscaler/zscaler-sdk-go/zia/config.go:134.16,136.3 1 0
github.com/zscaler/zscaler-sdk-go/zia/config.go:137.38,139.3 1 0
github.com/zscaler/zscaler-sdk-go/zia/config.go:143.16,145.3 1 0
github.com/zscaler/zscaler-sdk-go/zia/config.go:148.16,150.3 1 0
github.com/zscaler/zscaler-sdk-go/zia/config.go:153.16,155.3 1 0
github.com/zscaler/zscaler-sdk-go/zia/config.go:159.71,161.24 2 1
github.com/zscaler/zscaler-sdk-go/zia/config.go:164.2,167.21 3 1
github.com/zscaler/zscaler-sdk-go/zia/config.go:170.2,170.23 1 1
github.com/zscaler/zscaler-sdk-go/zia/config.go:161.24,163.3 1 0
github.com/zscaler/zscaler-sdk-go/zia/config.go:167.21,169.3 1 0
github.com/zscaler/zscaler-sdk-go/zia/config.go:173.45,175.2 1 1
github.com/zscaler/zscaler-sdk-go/zia/config.go:178.41,181.16 3 1
github.com/zscaler/zscaler-sdk-go/zia/config.go:184.2,191.16 3 1
github.com/zscaler/zscaler-sdk-go/zia/config.go:194.2,196.12 3 1
github.com/zscaler/zscaler-sdk-go/zia/config.go:181.16,183.3 1 0
github.com/zscaler/zscaler-sdk-go/zia/config.go:191.16,193.3 1 0
github.com/zscaler/zscaler-sdk-go/zia/config.go:200.39,202.22 1 1
github.com/zscaler/zscaler-sdk-go/zia/config.go:219.2,220.16 2 1
github.com/zscaler/zscaler-sdk-go/zia/config.go:224.2,224.29 1 1
github.com/zscaler/zscaler-sdk-go/zia/config.go:231.2,237.12 2 1
github.com/zscaler/zscaler-sdk-go/zia/config.go:202.22,204.17 2 1
github.com/zscaler/zscaler-sdk-go/zia/config.go:204.17,207.4 2 0
github.com/zscaler/zscaler-sdk-go/zia/config.go:208.8,211.117 2 0
github.com/zscaler/zscaler-sdk-go/zia/config.go:211.117,213.18 2 0
github.com/zscaler/zscaler-sdk-go/zia/config.go:213.18,216.5 2 0
github.com/zscaler/zscaler-sdk-go/zia/config.go:220.16,223.3 2 0
github.com/zscaler/zscaler-sdk-go/zia/config.go:224.29,226.17 2 1
github.com/zscaler/zscaler-sdk-go/zia/config.go:226.17,229.4 2 0
github.com/zscaler/zscaler-sdk-go/zia/config.go:240.42,242.2 1 1
github.com/zscaler/zscaler-sdk-go/zia/config.go:244.55,259.2 10 2
github.com/zscaler/zscaler-sdk-go/zia/config.go:261.46,262.26 1 2
github.com/zscaler/zscaler-sdk-go/zia/config.go:267.2,267.14 1 2
github.com/zscaler/zscaler-sdk-go/zia/config.go:262.26,263.16 1 2
github.com/zscaler/zscaler-sdk-go/zia/config.go:263.16,265.4 1 0
github.com/zscaler/zscaler-sdk-go/zia/config.go:273.36,275.2 1 2
github.com/zscaler/zscaler-sdk-go/zia/config.go:278.84,280.22 1 2
github.com/zscaler/zscaler-sdk-go/zia/config.go:283.2,283.74 1 2
github.com/zscaler/zscaler-sdk-go/zia/config.go:286.2,286.57 1 2
github.com/zscaler/zscaler-sdk-go/zia/config.go:280.22,282.3 1 0
github.com/zscaler/zscaler-sdk-go/zia/config.go:283.74,285.3 1 0
github.com/zscaler/zscaler-sdk-go/zia/config.go:289.33,291.16 2 0
github.com/zscaler/zscaler-sdk-go/zia/config.go:294.2,294.12 1 0
github.com/zscaler/zscaler-sdk-go/zia/config.go:291.16,293.3 1 0
github.com/zscaler/zscaler-sdk-go/zia/errors.go:15.40,16.23 1 0
github.com/zscaler/zscaler-sdk-go/zia/errors.go:19.2,19.41 1 0
github.com/zscaler/zscaler-sdk-go/zia/errors.go:16.23,18.3 1 0
github.com/zscaler/zscaler-sdk-go/zia/errors.go:22.68,23.47 1 0
github.com/zscaler/zscaler-sdk-go/zia/errors.go:26.2,28.41 3 0
github.com/zscaler/zscaler-sdk-go/zia/errors.go:31.2,31.22 1 0
github.com/zscaler/zscaler-sdk-go/zia/errors.go:23.47,25.3 1 0
github.com/zscaler/zscaler-sdk-go/zia/errors.go:28.41,30.3 1 0
github.com/zscaler/zscaler-sdk-go/zia/errors.go:35.48,37.2 1 0
github.com/zscaler/zscaler-sdk-go/zpa/config.go:87.94,90.96 2 7
github.com/zscaler/zscaler-sdk-go/zpa/config.go:97.2,97.62 1 7
github.com/zscaler/zscaler-sdk-go/zpa/config.go:107.2,108.17 2 7
github.com/zscaler/zscaler-sdk-go/zpa/config.go:113.2,113.44 1 7
github.com/zscaler/zscaler-sdk-go/zpa/config.go:116.2,116.38 1 7
github.com/zscaler/zscaler-sdk-go/zpa/config.go:119.2,119.37 1 7
github.com/zscaler/zscaler-sdk-go/zpa/config.go:122.2,122.41 1 7
github.com/zscaler/zscaler-sdk-go/zpa/config.go:126.2,127.16 2 7
github.com/zscaler/zscaler-sdk-go/zpa/config.go:130.2,139.8 1 7
github.com/zscaler/zscaler-sdk-go/zpa/config.go:90.96,95.3 4 6
github.com/zscaler/zscaler-sdk-go/zpa/config.go:97.62,99.33 2 0
github.com/zscaler/zscaler-sdk-go/zpa/config.go:102.3,105.25 4 0
github.com/zscaler/zscaler-sdk-go/zpa/config.go:99.33,101.4 1 0
github.com/zscaler/zscaler-sdk-go/zpa/config.go:108.17,110.3 1 1
github.com/zscaler/zscaler-sdk-go/zpa/config.go:110.8,110.24 1 6
github.com/zscaler/zscaler-sdk-go/zpa/config.go:110.24,112.3 1 6
github.com/zscaler/zscaler-sdk-go/zpa/config.go:113.44,115.3 1 1
github.com/zscaler/zscaler-sdk-go/zpa/config.go:116.38,118.3 1 1
github.com/zscaler/zscaler-sdk-go/zpa/config.go:119.37,121.3 1 1
github.com/zscaler/zscaler-sdk-go/zpa/config.go:122.41,124.3 1 1
github.com/zscaler/zscaler-sdk-go/zpa/config.go:127.16,129.3 1 0
github.com/zscaler/zscaler-sdk-go/zpa/config.go:142.62,144.2 1 0
github.com/zscaler/zscaler-sdk-go/zpa/config.go:147.82,153.16 6 0
github.com/zscaler/zscaler-sdk-go/zpa/config.go:156.2,157.16 2 0
github.com/zscaler/zscaler-sdk-go/zpa/config.go:160.2,162.122 3 0
github.com/zscaler/zscaler-sdk-go/zpa/config.go:165.2,165.21 1 0
github.com/zscaler/zscaler-sdk-go/zpa/config.go:153.16,155.3 1 0
github.com/zscaler/zscaler-sdk-go/zpa/config.go:157.16,159.3 1 0
github.com/zscaler/zscaler-sdk-go/zpa/config.go:162.122,164.3 1 0
github.com/zscaler/zscaler-sdk-go/zpa/config.go:168.47,169.25 1 2
github.com/zscaler/zscaler-sdk-go/zpa/config.go:186.2,186.21 1 2
github.com/zscaler/zscaler-sdk-go/zpa/config.go:169.25,170.52 1 1
github.com/zscaler/zscaler-sdk-go/zpa/config.go:170.52,180.4 9 1
github.com/zscaler/zscaler-sdk-go/zpa/config.go:180.9,184.4 1 0
github.com/zscaler/zscaler-sdk-go/zpa/config.go:189.46,190.26 1 2
github.com/zscaler/zscaler-sdk-go/zpa/config.go:195.2,195.14 1 2
github.com/zscaler/zscaler-sdk-go/zpa/config.go:190.26,191.16 1 2
github.com/zscaler/zscaler-sdk-go/zpa/config.go:191.16,193.4 1 0
github.com/zscaler/zscaler-sdk-go/zpa/config.go:201.36,203.2 1 2
github.com/zscaler/zscaler-sdk-go/zpa/config.go:206.84,208.22 1 2
github.com/zscaler/zscaler-sdk-go/zpa/config.go:211.2,211.74 1 2
github.com/zscaler/zscaler-sdk-go/zpa/config.go:214.2,214.57 1 2
github.com/zscaler/zscaler-sdk-go/zpa/config.go:208.22,210.3 1 0
github.com/zscaler/zscaler-sdk-go/zpa/config.go:211.74,213.3 1 0
github.com/zscaler/zscaler-sdk-go/zpa/errors.go:15.40,17.2 1 0
github.com/zscaler/zscaler-sdk-go/zpa/errors.go:19.53,20.47 1 1
github.com/zscaler/zscaler-sdk-go/zpa/errors.go:23.2,25.41 3 0
github.com/zscaler/zscaler-sdk-go/zpa/errors.go:28.2,28.22 1 0
github.com/zscaler/zscaler-sdk-go/zpa/errors.go:20.47,22.3 1 1
github.com/zscaler/zscaler-sdk-go/zpa/errors.go:25.41,27.3 1 0
github.com/zscaler/zscaler-sdk-go/zpa/errors.go:36.55,39.16 3 0
github.com/zscaler/zscaler-sdk-go/zpa/errors.go:42.2,42.40 1 0
github.com/zscaler/zscaler-sdk-go/zpa/errors.go:39.16,41.3 1 0
github.com/zscaler/zscaler-sdk-go/zpa/errors.go:46.48,48.2 1 0
github.com/zscaler/zscaler-sdk-go/zpa/client.go:24.44,25.19 1 8
github.com/zscaler/zscaler-sdk-go/zpa/client.go:28.2,29.8 2 8
github.com/zscaler/zscaler-sdk-go/zpa/client.go:25.19,27.3 1 6
github.com/zscaler/zscaler-sdk-go/zpa/client.go:32.110,34.2 1 1
github.com/zscaler/zscaler-sdk-go/zpa/client.go:36.119,39.81 3 1
github.com/zscaler/zscaler-sdk-go/zpa/client.go:82.2,83.16 2 1
github.com/zscaler/zscaler-sdk-go/zpa/client.go:86.2,87.26 2 1
github.com/zscaler/zscaler-sdk-go/zpa/client.go:39.81,40.71 1 1
github.com/zscaler/zscaler-sdk-go/zpa/client.go:44.3,49.17 6 1
github.com/zscaler/zscaler-sdk-go/zpa/client.go:54.3,55.36 2 1
github.com/zscaler/zscaler-sdk-go/zpa/client.go:58.3,59.17 2 1
github.com/zscaler/zscaler-sdk-go/zpa/client.go:63.3,65.17 3 1
github.com/zscaler/zscaler-sdk-go/zpa/client.go:69.3,69.29 1 1
github.com/zscaler/zscaler-sdk-go/zpa/client.go:73.3,75.17 3 1
github.com/zscaler/zscaler-sdk-go/zpa/client.go:80.3,80.31 1 1
github.com/zscaler/zscaler-sdk-go/zpa/client.go:40.71,43.4 2 0
github.com/zscaler/zscaler-sdk-go/zpa/client.go:49.17,52.4 2 0
github.com/zscaler/zscaler-sdk-go/zpa/client.go:55.36,57.4 1 1
github.com/zscaler/zscaler-sdk-go/zpa/client.go:59.17,62.4 2 0
github.com/zscaler/zscaler-sdk-go/zpa/client.go:65.17,68.4 2 0
github.com/zscaler/zscaler-sdk-go/zpa/client.go:69.29,72.4 2 0
github.com/zscaler/zscaler-sdk-go/zpa/client.go:75.17,78.4 2 0
github.com/zscaler/zscaler-sdk-go/zpa/client.go:83.16,85.3 1 0
github.com/zscaler/zscaler-sdk-go/zpa/client.go:91.108,92.81 1 1
github.com/zscaler/zscaler-sdk-go/zpa/client.go:96.2,97.17 2 1
github.com/zscaler/zscaler-sdk-go/zpa/client.go:106.2,108.16 3 1
github.com/zscaler/zscaler-sdk-go/zpa/client.go:113.2,117.20 3 1
github.com/zscaler/zscaler-sdk-go/zpa/client.go:125.2,126.16 2 1
github.com/zscaler/zscaler-sdk-go/zpa/client.go:130.2,133.35 3 1
github.com/zscaler/zscaler-sdk-go/zpa/client.go:137.2,137.17 1 1
github.com/zscaler/zscaler-sdk-go/zpa/client.go:92.81,95.3 2 0
github.com/zscaler/zscaler-sdk-go/zpa/client.go:97.17,100.17 3 0
github.com/zscaler/zscaler-sdk-go/zpa/client.go:100.17,102.4 1 0
github.com/zscaler/zscaler-sdk-go/zpa/client.go:108.16,110.3 1 0
github.com/zscaler/zscaler-sdk-go/zpa/client.go:117.20,119.17 2 0
github.com/zscaler/zscaler-sdk-go/zpa/client.go:122.3,122.26 1 0
github.com/zscaler/zscaler-sdk-go/zpa/client.go:119.17,121.4 1 0
github.com/zscaler/zscaler-sdk-go/zpa/client.go:126.16,128.3 1 0
github.com/zscaler/zscaler-sdk-go/zpa/client.go:133.35,135.3 1 1
github.com/zscaler/zscaler-sdk-go/zpa/client.go:140.84,142.16 2 1
github.com/zscaler/zscaler-sdk-go/zpa/client.go:146.2,146.51 1 1
github.com/zscaler/zscaler-sdk-go/zpa/client.go:150.2,150.14 1 1
github.com/zscaler/zscaler-sdk-go/zpa/client.go:155.2,157.18 3 1
github.com/zscaler/zscaler-sdk-go/zpa/client.go:142.16,144.3 1 0
github.com/zscaler/zscaler-sdk-go/zpa/client.go:146.51,148.3 1 0
github.com/zscaler/zscaler-sdk-go/zpa/client.go:150.14,151.45 1 1
github.com/zscaler/zscaler-sdk-go/zpa/client.go:151.45,153.4 1 0
github.com/zscaler/zscaler-sdk-go/zpa/client.go:160.58,162.2 1 1
github.com/zscaler/zscaler-sdk-go/zpa/client.go:164.39,165.19 1 1
github.com/zscaler/zscaler-sdk-go/zpa/client.go:168.2,169.16 2 1
github.com/zscaler/zscaler-sdk-go/zpa/client.go:172.2,174.16 3 1
github.com/zscaler/zscaler-sdk-go/zpa/client.go:177.2,177.56 1 1
github.com/zscaler/zscaler-sdk-go/zpa/client.go:185.2,186.16 2 1
github.com/zscaler/zscaler-sdk-go/zpa/client.go:189.2,189.34 1 1
github.com/zscaler/zscaler-sdk-go/zpa/client.go:165.19,167.3 1 0
github.com/zscaler/zscaler-sdk-go/zpa/client.go:169.16,171.3 1 0
github.com/zscaler/zscaler-sdk-go/zpa/client.go:174.16,176.3 1 0
github.com/zscaler/zscaler-sdk-go/zpa/client.go:177.56,178.46 1 2
github.com/zscaler/zscaler-sdk-go/zpa/client.go:178.46,180.10 2 2
github.com/zscaler/zscaler-sdk-go/zpa/client.go:180.10,182.5 1 2
github.com/zscaler/zscaler-sdk-go/zpa/client.go:186.16,188.3 1 0
github.com/zscaler/zscaler-sdk-go/zcc/client.go:23.44,24.19 1 5
github.com/zscaler/zscaler-sdk-go/zcc/client.go:27.2,28.8 2 5
github.com/zscaler/zscaler-sdk-go/zcc/client.go:24.19,26.3 1 3
github.com/zscaler/zscaler-sdk-go/zcc/client.go:31.110,33.2 1 1
github.com/zscaler/zscaler-sdk-go/zcc/client.go:35.119,38.81 3 1
github.com/zscaler/zscaler-sdk-go/zcc/client.go:86.2,87.16 2 1
github.com/zscaler/zscaler-sdk-go/zcc/client.go:90.2,91.26 2 1
github.com/zscaler/zscaler-sdk-go/zcc/client.go:38.81,39.71 1 1
github.com/zscaler/zscaler-sdk-go/zcc/client.go:43.3,48.17 6 1
github.com/zscaler/zscaler-sdk-go/zcc/client.go:52.3,53.17 2 1
github.com/zscaler/zscaler-sdk-go/zcc/client.go:58.3,59.36 2 1
github.com/zscaler/zscaler-sdk-go/zcc/client.go:62.3,63.17 2 1
github.com/zscaler/zscaler-sdk-go/zcc/client.go:67.3,69.17 3 1
github.com/zscaler/zscaler-sdk-go/zcc/client.go:73.3,73.29 1 1
github.com/zscaler/zscaler-sdk-go/zcc/client.go:77.3,79.17 3 1
github.com/zscaler/zscaler-sdk-go/zcc/client.go:84.3,84.31 1 1
github.com/zscaler/zscaler-sdk-go/zcc/client.go:39.71,42.4 2 0
github.com/zscaler/zscaler-sdk-go/zcc/client.go:48.17,51.4 2 0
github.com/zscaler/zscaler-sdk-go/zcc/client.go:53.17,56.4 2 0
github.com/zscaler/zscaler-sdk-go/zcc/client.go:59.36,61.4 1 1
github.com/zscaler/zscaler-sdk-go/zcc/client.go:63.17,66.4 2 0
github.com/zscaler/zscaler-sdk-go/zcc/client.go:69.17,72.4 2 0
github.com/zscaler/zscaler-sdk-go/zcc/client.go:73.29,76.4 2 0
github.com/zscaler/zscaler-sdk-go/zcc/client.go:79.17,82.4 2 0
github.com/zscaler/zscaler-sdk-go/zcc/client.go:87.16,89.3 1 0
github.com/zscaler/zscaler-sdk-go/zcc/client.go:95.108,96.81 1 1
github.com/zscaler/zscaler-sdk-go/zcc/client.go:100.2,101.17 2 1
github.com/zscaler/zscaler-sdk-go/zcc/client.go:110.2,112.16 3 1
github.com/zscaler/zscaler-sdk-go/zcc/client.go:117.2,121.20 3 1
github.com/zscaler/zscaler-sdk-go/zcc/client.go:129.2,130.16 2 1
github.com/zscaler/zscaler-sdk-go/zcc/client.go:134.2,137.35 3 1
github.com/zscaler/zscaler-sdk-go/zcc/client.go:141.2,141.17 1 1
github.com/zscaler/zscaler-sdk-go/zcc/client.go:96.81,99.3 2 0
github.com/zscaler/zscaler-sdk-go/zcc/client.go:101.17,104.17 3 0
github.com/zscaler/zscaler-sdk-go/zcc/client.go:104.17,106.4 1 0
github.com/zscaler/zscaler-sdk-go/zcc/client.go:112.16,114.3 1 0
github.com/zscaler/zscaler-sdk-go/zcc/client.go:121.20,123.17 2 0
github.com/zscaler/zscaler-sdk-go/zcc/client.go:126.3,126.26 1 0
github.com/zscaler/zscaler-sdk-go/zcc/client.go:123.17,125.4 1 0
github.com/zscaler/zscaler-sdk-go/zcc/client.go:130.16,132.3 1 0
github.com/zscaler/zscaler-sdk-go/zcc/client.go:137.35,139.3 1 1
github.com/zscaler/zscaler-sdk-go/zcc/client.go:144.84,146.16 2 1
github.com/zscaler/zscaler-sdk-go/zcc/client.go:150.2,150.51 1 1
github.com/zscaler/zscaler-sdk-go/zcc/client.go:154.2,154.14 1 1
github.com/zscaler/zscaler-sdk-go/zcc/client.go:159.2,161.18 3 1
github.com/zscaler/zscaler-sdk-go/zcc/client.go:146.16,148.3 1 0
github.com/zscaler/zscaler-sdk-go/zcc/client.go:150.51,152.3 1 0
github.com/zscaler/zscaler-sdk-go/zcc/client.go:154.14,155.45 1 1
github.com/zscaler/zscaler-sdk-go/zcc/client.go:155.45,157.4 1 0
github.com/zscaler/zscaler-sdk-go/zcc/client.go:164.58,166.2 1 1
github.com/zscaler/zscaler-sdk-go/zcc/client.go:168.39,169.19 1 1
github.com/zscaler/zscaler-sdk-go/zcc/client.go:172.2,173.16 2 1
github.com/zscaler/zscaler-sdk-go/zcc/client.go:176.2,178.16 3 1
github.com/zscaler/zscaler-sdk-go/zcc/client.go:181.2,181.56 1 1
github.com/zscaler/zscaler-sdk-go/zcc/client.go:189.2,190.16 2 1
github.com/zscaler/zscaler-sdk-go/zcc/client.go:193.2,193.34 1 1
github.com/zscaler/zscaler-sdk-go/zcc/client.go:169.19,171.3 1 0
github.com/zscaler/zscaler-sdk-go/zcc/client.go:173.16,175.3 1 0
github.com/zscaler/zscaler-sdk-go/zcc/client.go:178.16,180.3 1 0
github.com/zscaler/zscaler-sdk-go/zcc/client.go:181.56,182.46 1 2
github.com/zscaler/zscaler-sdk-go/zcc/client.go:182.46,184.10 2 2
github.com/zscaler/zscaler-sdk-go/zcc/client.go:184.10,186.5 1 2
github.com/zscaler/zscaler-sdk-go/zcc/client.go:190.16,192.3 1 0
github.com/zscaler/zscaler-sdk-go/zcc/config.go:85.82,88.76 2 4
github.com/zscaler/zscaler-sdk-go/zcc/config.go:94.2,94.42 1 4
github.com/zscaler/zscaler-sdk-go/zcc/config.go:104.2,105.16 2 4
github.com/zscaler/zscaler-sdk-go/zcc/config.go:108.2,117.8 1 4
github.com/zscaler/zscaler-sdk-go/zcc/config.go:88.76,92.3 3 3
github.com/zscaler/zscaler-sdk-go/zcc/config.go:94.42,96.33 2 0
github.com/zscaler/zscaler-sdk-go/zcc/config.go:99.3,101.25 3 0
github.com/zscaler/zscaler-sdk-go/zcc/config.go:96.33,98.4 1 0
github.com/zscaler/zscaler-sdk-go/zcc/config.go:105.16,107.3 1 0
github.com/zscaler/zscaler-sdk-go/zcc/config.go:120.62,122.2 1 0
github.com/zscaler/zscaler-sdk-go/zcc/config.go:125.82,131.16 6 0
github.com/zscaler/zscaler-sdk-go/zcc/config.go:134.2,135.16 2 0
github.com/zscaler/zscaler-sdk-go/zcc/config.go:138.2,140.122 3 0
github.com/zscaler/zscaler-sdk-go/zcc/config.go:143.2,143.21 1 0
github.com/zscaler/zscaler-sdk-go/zcc/config.go:131.16,133.3 1 0
github.com/zscaler/zscaler-sdk-go/zcc/config.go:135.16,137.3 1 0
github.com/zscaler/zscaler-sdk-go/zcc/config.go:140.122,142.3 1 0
github.com/zscaler/zscaler-sdk-go/zcc/config.go:146.47,147.25 1 2
github.com/zscaler/zscaler-sdk-go/zcc/config.go:164.2,164.21 1 2
github.com/zscaler/zscaler-sdk-go/zcc/config.go:147.25,148.52 1 1
github.com/zscaler/zscaler-sdk-go/zcc/config.go:148.52,158.4 9 1
github.com/zscaler/zscaler-sdk-go/zcc/config.go:158.9,162.4 1 0
github.com/zscaler/zscaler-sdk-go/zcc/config.go:167.46,168.26 1 2
github.com/zscaler/zscaler-sdk-go/zcc/config.go:173.2,173.14 1 2
github.com/zscaler/zscaler-sdk-go/zcc/config.go:168.26,169.16 1 2
github.com/zscaler/zscaler-sdk-go/zcc/config.go:169.16,171.4 1 0
github.com/zscaler/zscaler-sdk-go/zcc/config.go:179.36,181.2 1 2
github.com/zscaler/zscaler-sdk-go/zcc/config.go:184.84,186.22 1 2
github.com/zscaler/zscaler-sdk-go/zcc/config.go:189.2,189.74 1 2
github.com/zscaler/zscaler-sdk-go/zcc/config.go:192.2,192.57 1 2
github.com/zscaler/zscaler-sdk-go/zcc/config.go:186.22,188.3 1 0
github.com/zscaler/zscaler-sdk-go/zcc/config.go:189.74,191.3 1 0
github.com/zscaler/zscaler-sdk-go/zcc/errors.go:14.40,16.2 1 0
github.com/zscaler/zscaler-sdk-go/zcc/errors.go:18.53,19.47 1 1
github.com/zscaler/zscaler-sdk-go/zcc/errors.go:22.2,24.41 3 0
github.com/zscaler/zscaler-sdk-go/zcc/errors.go:27.2,27.22 1 0
github.com/zscaler/zscaler-sdk-go/zcc/errors.go:19.47,21.3 1 1
github.com/zscaler/zscaler-sdk-go/zcc/errors.go:24.41,26.3 1 0
github.com/zscaler/zscaler-sdk-go/zcc/errors.go:31.48,33.2 1 0
